<?xml version="1.0" encoding="UTF-8"?>
<!-- Generated by org.testng.reporters.JUnitXMLReporter -->
<testsuite ignored="2" hostname="LAPTOP-1AB76RU1" failures="0" tests="2" name="edge" time="105.972" errors="0" timestamp="2023-04-02T21:50:01 IST">
  <testcase classname="testClassPackage.LoginTestClass3" name="WronguserNamePassword" time="3.369"/>
  <testcase classname="testClassPackage.LoginTestClass3" name="correctUserNamePassword" time="4.447"/>
  <testcase classname="testClassPackage.BaseClass" name="@AfterTest aftertest" time="0.0">
    <ignored/>
  </testcase> <!-- @AfterTest aftertest -->
  <testcase classname="testClassPackage.BaseClass" name="@BeforeTest beforeTest" time="0.0">
    <ignored/>
  </testcase> <!-- @BeforeTest beforeTest -->
</testsuite> <!-- edge -->
