<?xml version="1.0" encoding="UTF-8"?>
<!-- Generated by org.testng.reporters.JUnitXMLReporter -->
<testsuite ignored="1" hostname="LAPTOP-1AB76RU1" failures="0" tests="1" name="Test" time="9.764" errors="0" timestamp="2023-03-09T10:55:22 IST">
  <testcase classname="testClassPackage.LoginTestClass" name="verifyLoginFunctionalityWithCorrectUsernamePassword" time="0.006"/>
  <testcase classname="testClassPackage.LoginTestClass" name="test1" time="0.0">
    <ignored/>
  </testcase> <!-- test1 -->
</testsuite> <!-- Test -->
