<?xml version="1.0" encoding="UTF-8"?>
<testng-results ignored="2" total="4" passed="2" failed="0" skipped="0">
  <reporter-output>
  </reporter-output>
  <suite started-at="2023-04-02T21:48:15 IST" name="Suite" finished-at="2023-04-02T21:50:01 IST" duration-ms="105972">
    <groups>
    </groups>
    <test started-at="2023-04-02T21:48:15 IST" name="edge" finished-at="2023-04-02T21:50:01 IST" duration-ms="105972">
      <class name="testClassPackage.LoginTestClass3">
        <test-method is-config="true" signature="beforeClass()[pri:0, instance:testClassPackage.LoginTestClass3@3f6f6701]" started-at="2023-04-02T21:49:53 IST" name="beforeClass" finished-at="2023-04-02T21:49:53 IST" duration-ms="46" status="PASS">
          <reporter-output>
          </reporter-output>
        </test-method> <!-- beforeClass -->
        <test-method is-config="true" signature="beforeMethod()[pri:0, instance:testClassPackage.LoginTestClass3@3f6f6701]" started-at="2023-04-02T21:49:53 IST" name="beforeMethod" finished-at="2023-04-02T21:49:53 IST" duration-ms="0" status="PASS">
          <reporter-output>
          </reporter-output>
        </test-method> <!-- beforeMethod -->
        <test-method signature="WronguserNamePassword()[pri:1, instance:testClassPackage.LoginTestClass3@3f6f6701]" started-at="2023-04-02T21:49:53 IST" name="WronguserNamePassword" finished-at="2023-04-02T21:49:56 IST" duration-ms="3369" status="PASS">
          <reporter-output>
          </reporter-output>
        </test-method> <!-- WronguserNamePassword -->
        <test-method is-config="true" signature="afterMethod(org.testng.ITestResult)[pri:0, instance:testClassPackage.LoginTestClass3@3f6f6701]" started-at="2023-04-02T21:49:56 IST" name="afterMethod" finished-at="2023-04-02T21:49:57 IST" duration-ms="355" status="PASS">
          <params>
            <param index="0">
              <value>
                <![CDATA[[TestResult name=WronguserNamePassword status=SUCCESS method=LoginTestClass3.WronguserNamePassword()[pri:1, instance:testClassPackage.LoginTestClass3@3f6f6701] output={null}]]]>
              </value>
            </param>
          </params>
          <reporter-output>
          </reporter-output>
        </test-method> <!-- afterMethod -->
        <test-method is-config="true" signature="beforeMethod()[pri:0, instance:testClassPackage.LoginTestClass3@3f6f6701]" started-at="2023-04-02T21:49:57 IST" name="beforeMethod" finished-at="2023-04-02T21:49:57 IST" duration-ms="1" status="PASS">
          <reporter-output>
          </reporter-output>
        </test-method> <!-- beforeMethod -->
        <test-method signature="correctUserNamePassword()[pri:2, instance:testClassPackage.LoginTestClass3@3f6f6701]" started-at="2023-04-02T21:49:57 IST" name="correctUserNamePassword" finished-at="2023-04-02T21:50:01 IST" duration-ms="4447" status="PASS">
          <reporter-output>
          </reporter-output>
        </test-method> <!-- correctUserNamePassword -->
        <test-method is-config="true" signature="afterMethod(org.testng.ITestResult)[pri:0, instance:testClassPackage.LoginTestClass3@3f6f6701]" started-at="2023-04-02T21:50:01 IST" name="afterMethod" finished-at="2023-04-02T21:50:01 IST" duration-ms="78" status="PASS">
          <params>
            <param index="0">
              <value>
                <![CDATA[[TestResult name=correctUserNamePassword status=SUCCESS method=LoginTestClass3.correctUserNamePassword()[pri:2, instance:testClassPackage.LoginTestClass3@3f6f6701] output={null}]]]>
              </value>
            </param>
          </params>
          <reporter-output>
          </reporter-output>
        </test-method> <!-- afterMethod -->
        <test-method is-config="true" signature="afterClass()[pri:0, instance:testClassPackage.LoginTestClass3@3f6f6701]" started-at="2023-04-02T21:50:01 IST" name="afterClass" finished-at="2023-04-02T21:50:01 IST" duration-ms="0" status="PASS">
          <reporter-output>
          </reporter-output>
        </test-method> <!-- afterClass -->
      </class> <!-- testClassPackage.LoginTestClass3 -->
      <class name="testClassPackage.BaseClass">
        <test-method is-config="true" signature="beforeTest(java.lang.String)[pri:0, instance:testClassPackage.BaseClass@29215f06]" started-at="2023-04-02T21:48:15 IST" name="beforeTest" finished-at="2023-04-02T21:49:53 IST" duration-ms="97626" status="PASS">
          <params>
            <param index="0">
              <value>
                <![CDATA[edge]]>
              </value>
            </param>
          </params>
          <reporter-output>
          </reporter-output>
        </test-method> <!-- beforeTest -->
        <test-method is-config="true" signature="aftertest()[pri:0, instance:testClassPackage.BaseClass@29215f06]" started-at="2023-04-02T21:50:01 IST" name="aftertest" finished-at="2023-04-02T21:50:01 IST" duration-ms="1" status="PASS">
          <reporter-output>
          </reporter-output>
        </test-method> <!-- aftertest -->
      </class> <!-- testClassPackage.BaseClass -->
    </test> <!-- edge -->
  </suite> <!-- Suite -->
</testng-results>
